<?xml version="1.0" encoding="UTF-8"?>
<!-- Generated by org.testng.reporters.JUnitReportReporter -->
<testsuite hostname="LAPTOP-L3BI3L6U" failures="0" tests="1" name="com.crm.qa.testcases.FlipkartApp" time="140.255" errors="0" timestamp="23 Nov 2021 00:28:11 GMT" skipped="0">
  <testcase classname="com.crm.qa.testcases.FlipkartApp" name="verifyFlipkartSearch" time="140.255"/>
</testsuite> <!-- com.crm.qa.testcases.FlipkartApp -->
